e:\nes\05-scencemanager\debug\vc142.pdb
e:\nes\05-scencemanager\debug\vc142.idb
e:\nes\05-scencemanager\debug\sprites.obj
e:\nes\05-scencemanager\debug\scence.obj
e:\nes\05-scencemanager\debug\playscence.obj
e:\nes\05-scencemanager\debug\goomba.obj
e:\nes\05-scencemanager\debug\game.obj
e:\nes\05-scencemanager\debug\portal.obj
e:\nes\05-scencemanager\debug\koopas.obj
e:\nes\05-scencemanager\debug\brick.obj
e:\nes\05-scencemanager\debug\animations.obj
e:\nes\05-scencemanager\debug\textures.obj
e:\nes\05-scencemanager\debug\mario.obj
e:\nes\05-scencemanager\debug\main.obj
e:\nes\05-scencemanager\debug\gameobject.obj
e:\nes\05-scencemanager\debug\utils.obj
e:\nes\debug\05-scencemanager.exe
e:\nes\debug\05-scencemanager.ilk
e:\nes\debug\05-scencemanager.pdb
e:\nes\05-scencemanager\debug\brick.obj.enc
e:\nes\05-scencemanager\debug\mario.obj.enc
e:\nes\05-scencemanager\debug\05-scencemanager.tlog\cl.command.1.tlog
e:\nes\05-scencemanager\debug\05-scencemanager.tlog\cl.read.1.tlog
e:\nes\05-scencemanager\debug\05-scencemanager.tlog\cl.write.1.tlog
e:\nes\05-scencemanager\debug\05-scencemanager.tlog\link.command.1.tlog
e:\nes\05-scencemanager\debug\05-scencemanager.tlog\link.read.1.tlog
e:\nes\05-scencemanager\debug\05-scencemanager.tlog\link.write.1.tlog
